#-----------------------------------------------------------
# Vivado v2019.2 (64-bit)
# SW Build 2708876 on Wed Nov  6 21:40:23 MST 2019
# IP Build 2700528 on Thu Nov  7 00:09:20 MST 2019
# Start of session at: Tue Jun  1 11:44:01 2021
# Process ID: 5548
# Current directory: E:/RvfpgaSoC/Labs/LabSolution/Lab1
# Command line: vivado.exe -gui_launcher_event rodinguilauncherevent3520 E:\RvfpgaSoC\Labs\LabSolution\Lab1\Lab1.xpr
# Log file: E:/RvfpgaSoC/Labs/LabSolution/Lab1/vivado.log
# Journal file: E:/RvfpgaSoC/Labs/LabSolution/Lab1\vivado.jou
#-----------------------------------------------------------
start_gui
open_project E:/RvfpgaSoC/Labs/LabSolution/Lab1/Lab1.xpr
WARNING: [Board 49-91] Board repository path 'C:/Users/Hamza' does not exist, it will not be used to search board files.
WARNING: [Board 49-91] Board repository path 'Ali/AppData/Roaming/Xilinx/Vivado/2019.2/xhub/board_store' does not exist, it will not be used to search board files.
WARNING: [Board 49-91] Board repository path 'C:/Users/Hamza' does not exist, it will not be used to search board files.
WARNING: [Board 49-91] Board repository path 'Ali/AppData/Roaming/Xilinx/Vivado/{C:/Users/Hamza' does not exist, it will not be used to search board files.
WARNING: [Board 49-91] Board repository path 'C:/Users/Hamza' does not exist, it will not be used to search board files.
WARNING: [Board 49-91] Board repository path 'Ali/AppData/Roaming/Xilinx/Vivado/Ali/AppData/Roaming/Xilinx/Vivado/2019.2/xhub/board_store}' does not exist, it will not be used to search board files.
Scanning sources...
Finished scanning sources
WARNING: [filemgmt 56-3] Board Part Repository Path: Could not find the directory 'C:/Users/Hamza'.
WARNING: [filemgmt 56-3] Board Part Repository Path: Could not find the directory 'C:/Users/Hamza Ali/AppData/Roaming/Xilinx/Vivado/Ali/AppData/Roaming/Xilinx/Vivado/2019.2/xhub/board_store'.
WARNING: [filemgmt 56-3] Board Part Repository Path: Could not find the directory 'C:/Users/Hamza'.
WARNING: [filemgmt 56-3] Board Part Repository Path: Could not find the directory 'C:/Users/Hamza Ali/AppData/Roaming/Xilinx/Vivado/Ali/AppData/Roaming/Xilinx/Vivado/{C:/Users/Hamza'.
WARNING: [filemgmt 56-3] Board Part Repository Path: Could not find the directory 'C:/Users/Hamza'.
WARNING: [filemgmt 56-3] Board Part Repository Path: Could not find the directory 'C:/Users/Hamza Ali/AppData/Roaming/Xilinx/Vivado/Ali/AppData/Roaming/Xilinx/Vivado/Ali/AppData/Roaming/Xilinx/Vivado/2019.2/xhub/board_store}'.
INFO: [IP_Flow 19-234] Refreshing IP repositories
INFO: [IP_Flow 19-1704] No user IP repositories specified
INFO: [IP_Flow 19-2313] Loaded Vivado IP repository 'E:/Xilinx/Vivado/2019.2/data/ip'.
open_project: Time (s): cpu = 00:00:49 ; elapsed = 00:00:59 . Memory (MB): peak = 856.637 ; gain = 260.762
update_compile_order -fileset sources_1
archive_project E:/RvfpgaSoC/Labs/LabSolution/Lab1.xpr.zip -temp_dir E:/RvfpgaSoC/Labs/LabSolution/Lab1/.Xil/Vivado-5548-LenovoHamza -force -include_local_ip_cache -include_config_settings
INFO: [Coretcl 2-137] starting archive...
INFO: [Coretcl 2-1499] Saving project copy to temporary location 'E:/RvfpgaSoC/Labs/LabSolution/Lab1/.Xil/Vivado-5548-LenovoHamza' for archiving project
Scanning sources...
Finished scanning sources
WARNING: [filemgmt 56-3] Board Part Repository Path: Could not find the directory 'C:/Users/Hamza'.
WARNING: [filemgmt 56-3] Board Part Repository Path: Could not find the directory 'C:/Users/Hamza Ali/AppData/Roaming/Xilinx/Vivado/Ali/AppData/Roaming/Xilinx/Vivado/2019.2/xhub/board_store'.
WARNING: [filemgmt 56-3] Board Part Repository Path: Could not find the directory 'C:/Users/Hamza'.
WARNING: [filemgmt 56-3] Board Part Repository Path: Could not find the directory 'C:/Users/Hamza Ali/AppData/Roaming/Xilinx/Vivado/Ali/AppData/Roaming/Xilinx/Vivado/{C:/Users/Hamza'.
WARNING: [filemgmt 56-3] Board Part Repository Path: Could not find the directory 'C:/Users/Hamza'.
WARNING: [filemgmt 56-3] Board Part Repository Path: Could not find the directory 'C:/Users/Hamza Ali/AppData/Roaming/Xilinx/Vivado/Ali/AppData/Roaming/Xilinx/Vivado/Ali/AppData/Roaming/Xilinx/Vivado/2019.2/xhub/board_store}'.
INFO: [IP_Flow 19-234] Refreshing IP repositories
INFO: [IP_Flow 19-1704] No user IP repositories specified
INFO: [IP_Flow 19-2313] Loaded Vivado IP repository 'E:/Xilinx/Vivado/2019.2/data/ip'.
INFO: [Coretcl 2-1211] Creating project copy for archival...
WARNING: [IP_Flow 19-3571] IP 'BD_bidirec_0_0' is restricted:
* Detected changes to module reference file(s).
WARNING: [IP_Flow 19-3571] IP 'BD_bidirec_0_1' is restricted:
* Detected changes to module reference file(s).
WARNING: [IP_Flow 19-3571] IP 'BD_bidirec_0_2' is restricted:
* Detected changes to module reference file(s).
WARNING: [IP_Flow 19-3571] IP 'BD_bidirec_0_3' is restricted:
* Detected changes to module reference file(s).
WARNING: [IP_Flow 19-3571] IP 'BD_bidirec_0_4' is restricted:
* Detected changes to module reference file(s).
WARNING: [IP_Flow 19-3571] IP 'BD_bidirec_0_5' is restricted:
* Detected changes to module reference file(s).
WARNING: [IP_Flow 19-3571] IP 'BD_bidirec_10_0' is restricted:
* Detected changes to module reference file(s).
WARNING: [IP_Flow 19-3571] IP 'BD_bidirec_11_0' is restricted:
* Detected changes to module reference file(s).
WARNING: [IP_Flow 19-3571] IP 'BD_bidirec_12_0' is restricted:
* Detected changes to module reference file(s).
WARNING: [IP_Flow 19-3571] IP 'BD_bidirec_13_0' is restricted:
* Detected changes to module reference file(s).
WARNING: [IP_Flow 19-3571] IP 'BD_bidirec_14_0' is restricted:
* Detected changes to module reference file(s).
WARNING: [IP_Flow 19-3571] IP 'BD_bidirec_15_0' is restricted:
* Detected changes to module reference file(s).
WARNING: [IP_Flow 19-3571] IP 'BD_bidirec_1_0' is restricted:
* Detected changes to module reference file(s).
WARNING: [IP_Flow 19-3571] IP 'BD_bidirec_1_1' is restricted:
* Detected changes to module reference file(s).
WARNING: [IP_Flow 19-3571] IP 'BD_bidirec_1_2' is restricted:
* Detected changes to module reference file(s).
WARNING: [IP_Flow 19-3571] IP 'BD_bidirec_1_3' is restricted:
* Detected changes to module reference file(s).
WARNING: [IP_Flow 19-3571] IP 'BD_bidirec_2_0' is restricted:
* Detected changes to module reference file(s).
WARNING: [IP_Flow 19-3571] IP 'BD_bidirec_2_1' is restricted:
* Detected changes to module reference file(s).
WARNING: [IP_Flow 19-3571] IP 'BD_bidirec_2_2' is restricted:
* Detected changes to module reference file(s).
WARNING: [IP_Flow 19-3571] IP 'BD_bidirec_3_0' is restricted:
* Detected changes to module reference file(s).
WARNING: [IP_Flow 19-3571] IP 'BD_bidirec_3_1' is restricted:
* Detected changes to module reference file(s).
WARNING: [IP_Flow 19-3571] IP 'BD_bidirec_3_2' is restricted:
* Detected changes to module reference file(s).
WARNING: [IP_Flow 19-3571] IP 'BD_bidirec_4_0' is restricted:
* Detected changes to module reference file(s).
WARNING: [IP_Flow 19-3571] IP 'BD_bidirec_4_1' is restricted:
* Detected changes to module reference file(s).
WARNING: [IP_Flow 19-3571] IP 'BD_bidirec_5_0' is restricted:
* Detected changes to module reference file(s).
WARNING: [IP_Flow 19-3571] IP 'BD_bidirec_5_1' is restricted:
* Detected changes to module reference file(s).
WARNING: [IP_Flow 19-3571] IP 'BD_bidirec_6_0' is restricted:
* Detected changes to module reference file(s).
WARNING: [IP_Flow 19-3571] IP 'BD_bidirec_6_1' is restricted:
* Detected changes to module reference file(s).
WARNING: [IP_Flow 19-3571] IP 'BD_bidirec_7_0' is restricted:
* Detected changes to module reference file(s).
WARNING: [IP_Flow 19-3571] IP 'BD_bidirec_7_1' is restricted:
* Detected changes to module reference file(s).
WARNING: [IP_Flow 19-3571] IP 'BD_bidirec_8_0' is restricted:
* Detected changes to module reference file(s).
WARNING: [IP_Flow 19-3571] IP 'BD_bidirec_9_0' is restricted:
* Detected changes to module reference file(s).
WARNING: [IP_Flow 19-3571] IP 'BD_bootrom_wrapper_0_0' is restricted:
* Detected changes to module reference file(s).
WARNING: [IP_Flow 19-3571] IP 'BD_gpio_wrapper_0_0' is restricted:
* Detected changes to module reference file(s).
WARNING: [IP_Flow 19-3571] IP 'BD_intcon_wrapper_bd_0_0' is restricted:
* Detected changes to module reference file(s).
WARNING: [IP_Flow 19-3571] IP 'BD_swerv_wrapper_verilog_0_0' is restricted:
* Detected changes to module reference file(s).
WARNING: [IP_Flow 19-3571] IP 'BD_syscon_wrapper_0_0' is restricted:
* Detected changes to module reference file(s).
WARNING: [IP_Flow 19-3571] IP 'BD_swerv_wrapper_verilog_0_0' is restricted:
* Detected changes to module reference file(s).
WARNING: [IP_Flow 19-3571] IP 'BD_intcon_wrapper_bd_0_0' is restricted:
* Detected changes to module reference file(s).
WARNING: [IP_Flow 19-3571] IP 'BD_gpio_wrapper_0_0' is restricted:
* Detected changes to module reference file(s).
WARNING: [IP_Flow 19-3571] IP 'BD_syscon_wrapper_0_0' is restricted:
* Detected changes to module reference file(s).
WARNING: [IP_Flow 19-3571] IP 'BD_bootrom_wrapper_0_0' is restricted:
* Detected changes to module reference file(s).
WARNING: [IP_Flow 19-3571] IP 'BD_bidirec_0_0' is restricted:
* Detected changes to module reference file(s).
WARNING: [IP_Flow 19-3571] IP 'BD_bidirec_0_1' is restricted:
* Detected changes to module reference file(s).
WARNING: [IP_Flow 19-3571] IP 'BD_bidirec_0_2' is restricted:
* Detected changes to module reference file(s).
WARNING: [IP_Flow 19-3571] IP 'BD_bidirec_1_0' is restricted:
* Detected changes to module reference file(s).
WARNING: [IP_Flow 19-3571] IP 'BD_bidirec_0_3' is restricted:
* Detected changes to module reference file(s).
WARNING: [IP_Flow 19-3571] IP 'BD_bidirec_1_1' is restricted:
* Detected changes to module reference file(s).
WARNING: [IP_Flow 19-3571] IP 'BD_bidirec_2_0' is restricted:
* Detected changes to module reference file(s).
WARNING: [IP_Flow 19-3571] IP 'BD_bidirec_3_0' is restricted:
* Detected changes to module reference file(s).
WARNING: [IP_Flow 19-3571] IP 'BD_bidirec_0_4' is restricted:
* Detected changes to module reference file(s).
WARNING: [IP_Flow 19-3571] IP 'BD_bidirec_1_2' is restricted:
* Detected changes to module reference file(s).
WARNING: [IP_Flow 19-3571] IP 'BD_bidirec_2_1' is restricted:
* Detected changes to module reference file(s).
WARNING: [IP_Flow 19-3571] IP 'BD_bidirec_3_1' is restricted:
* Detected changes to module reference file(s).
WARNING: [IP_Flow 19-3571] IP 'BD_bidirec_4_0' is restricted:
* Detected changes to module reference file(s).
WARNING: [IP_Flow 19-3571] IP 'BD_bidirec_5_0' is restricted:
* Detected changes to module reference file(s).
WARNING: [IP_Flow 19-3571] IP 'BD_bidirec_6_0' is restricted:
* Detected changes to module reference file(s).
WARNING: [IP_Flow 19-3571] IP 'BD_bidirec_7_0' is restricted:
* Detected changes to module reference file(s).
WARNING: [IP_Flow 19-3571] IP 'BD_bidirec_0_5' is restricted:
* Detected changes to module reference file(s).
WARNING: [IP_Flow 19-3571] IP 'BD_bidirec_1_3' is restricted:
* Detected changes to module reference file(s).
WARNING: [IP_Flow 19-3571] IP 'BD_bidirec_10_0' is restricted:
* Detected changes to module reference file(s).
WARNING: [IP_Flow 19-3571] IP 'BD_bidirec_11_0' is restricted:
* Detected changes to module reference file(s).
WARNING: [IP_Flow 19-3571] IP 'BD_bidirec_12_0' is restricted:
* Detected changes to module reference file(s).
WARNING: [IP_Flow 19-3571] IP 'BD_bidirec_13_0' is restricted:
* Detected changes to module reference file(s).
WARNING: [IP_Flow 19-3571] IP 'BD_bidirec_14_0' is restricted:
* Detected changes to module reference file(s).
WARNING: [IP_Flow 19-3571] IP 'BD_bidirec_15_0' is restricted:
* Detected changes to module reference file(s).
WARNING: [IP_Flow 19-3571] IP 'BD_bidirec_2_2' is restricted:
* Detected changes to module reference file(s).
WARNING: [IP_Flow 19-3571] IP 'BD_bidirec_3_2' is restricted:
* Detected changes to module reference file(s).
WARNING: [IP_Flow 19-3571] IP 'BD_bidirec_4_1' is restricted:
* Detected changes to module reference file(s).
WARNING: [IP_Flow 19-3571] IP 'BD_bidirec_5_1' is restricted:
* Detected changes to module reference file(s).
WARNING: [IP_Flow 19-3571] IP 'BD_bidirec_6_1' is restricted:
* Detected changes to module reference file(s).
WARNING: [IP_Flow 19-3571] IP 'BD_bidirec_7_1' is restricted:
* Detected changes to module reference file(s).
WARNING: [IP_Flow 19-3571] IP 'BD_bidirec_8_0' is restricted:
* Detected changes to module reference file(s).
WARNING: [IP_Flow 19-3571] IP 'BD_bidirec_9_0' is restricted:
* Detected changes to module reference file(s).
INFO: [IP_Flow 19-234] Refreshing IP repositories
INFO: [IP_Flow 19-1704] No user IP repositories specified
INFO: [IP_Flow 19-234] Refreshing IP repositories
INFO: [IP_Flow 19-1704] No user IP repositories specified
INFO: [IP_Flow 19-234] Refreshing IP repositories
INFO: [IP_Flow 19-1704] No user IP repositories specified
INFO: [IP_Flow 19-234] Refreshing IP repositories
INFO: [IP_Flow 19-1704] No user IP repositories specified
INFO: [IP_Flow 19-234] Refreshing IP repositories
INFO: [IP_Flow 19-1704] No user IP repositories specified
INFO: [IP_Flow 19-234] Refreshing IP repositories
INFO: [IP_Flow 19-1704] No user IP repositories specified
INFO: [IP_Flow 19-234] Refreshing IP repositories
INFO: [IP_Flow 19-1704] No user IP repositories specified
INFO: [IP_Flow 19-234] Refreshing IP repositories
INFO: [IP_Flow 19-1704] No user IP repositories specified
INFO: [IP_Flow 19-234] Refreshing IP repositories
INFO: [IP_Flow 19-1704] No user IP repositories specified
INFO: [IP_Flow 19-234] Refreshing IP repositories
INFO: [IP_Flow 19-1704] No user IP repositories specified
INFO: [IP_Flow 19-234] Refreshing IP repositories
INFO: [IP_Flow 19-1704] No user IP repositories specified
INFO: [IP_Flow 19-234] Refreshing IP repositories
INFO: [IP_Flow 19-1704] No user IP repositories specified
INFO: [IP_Flow 19-234] Refreshing IP repositories
INFO: [IP_Flow 19-1704] No user IP repositories specified
INFO: [IP_Flow 19-234] Refreshing IP repositories
INFO: [IP_Flow 19-1704] No user IP repositories specified
INFO: [IP_Flow 19-234] Refreshing IP repositories
INFO: [IP_Flow 19-1704] No user IP repositories specified
INFO: [IP_Flow 19-234] Refreshing IP repositories
INFO: [IP_Flow 19-1704] No user IP repositories specified
INFO: [IP_Flow 19-234] Refreshing IP repositories
INFO: [IP_Flow 19-1704] No user IP repositories specified
INFO: [IP_Flow 19-234] Refreshing IP repositories
INFO: [IP_Flow 19-1704] No user IP repositories specified
INFO: [IP_Flow 19-234] Refreshing IP repositories
INFO: [IP_Flow 19-1704] No user IP repositories specified
INFO: [IP_Flow 19-234] Refreshing IP repositories
INFO: [IP_Flow 19-1704] No user IP repositories specified
INFO: [IP_Flow 19-234] Refreshing IP repositories
INFO: [IP_Flow 19-1704] No user IP repositories specified
INFO: [IP_Flow 19-234] Refreshing IP repositories
INFO: [IP_Flow 19-1704] No user IP repositories specified
INFO: [IP_Flow 19-234] Refreshing IP repositories
INFO: [IP_Flow 19-1704] No user IP repositories specified
INFO: [IP_Flow 19-234] Refreshing IP repositories
INFO: [IP_Flow 19-1704] No user IP repositories specified
INFO: [IP_Flow 19-234] Refreshing IP repositories
INFO: [IP_Flow 19-1704] No user IP repositories specified
INFO: [IP_Flow 19-234] Refreshing IP repositories
INFO: [IP_Flow 19-1704] No user IP repositories specified
INFO: [IP_Flow 19-234] Refreshing IP repositories
INFO: [IP_Flow 19-1704] No user IP repositories specified
INFO: [IP_Flow 19-234] Refreshing IP repositories
INFO: [IP_Flow 19-1704] No user IP repositories specified
INFO: [IP_Flow 19-234] Refreshing IP repositories
INFO: [IP_Flow 19-1704] No user IP repositories specified
INFO: [IP_Flow 19-234] Refreshing IP repositories
INFO: [IP_Flow 19-1704] No user IP repositories specified
INFO: [IP_Flow 19-234] Refreshing IP repositories
INFO: [IP_Flow 19-1704] No user IP repositories specified
INFO: [IP_Flow 19-234] Refreshing IP repositories
INFO: [IP_Flow 19-1704] No user IP repositories specified
INFO: [IP_Flow 19-5107] Inferred bus interface 'i_rst' of definition 'xilinx.com:signal:reset:1.0' (from Xilinx Repository).
INFO: [IP_Flow 19-5107] Inferred bus interface 'i_clk' of definition 'xilinx.com:signal:clock:1.0' (from Xilinx Repository).
INFO: [IP_Flow 19-4728] Bus Interface 'i_clk': Added interface parameter 'ASSOCIATED_RESET' with value 'i_rst'.
WARNING: [IP_Flow 19-3153] Bus Interface 'i_clk': ASSOCIATED_BUSIF bus parameter is missing.
INFO: [IP_Flow 19-234] Refreshing IP repositories
INFO: [IP_Flow 19-1704] No user IP repositories specified
INFO: [IP_Flow 19-234] Refreshing IP repositories
INFO: [IP_Flow 19-1704] No user IP repositories specified
WARNING: [IP_Flow 19-4747] Not inferring AXIMM interface 'i_ifu' due to missing slave read-channel signals ARREADY RDATA RVALID.
WARNING: [IP_Flow 19-4747] Not inferring AXIMM interface 'i_lsu' due to missing slave read-channel signals ARREADY RDATA RVALID.
WARNING: [IP_Flow 19-4747] Not inferring AXIMM interface 'i_ram' due to missing master read-channel signals ARADDR ARVALID RREADY.
WARNING: [IP_Flow 19-4747] Not inferring AXIMM interface 'i_sb' due to missing slave read-channel signals ARREADY RDATA RVALID.
WARNING: [IP_Flow 19-4747] Not inferring AXIMM interface 'o_lsu' due to missing slave read-channel signals ARADDR ARVALID RREADY.
WARNING: [IP_Flow 19-4747] Not inferring AXIMM interface 'o_ram' due to missing master read-channel signals ARREADY RDATA RVALID.
WARNING: [IP_Flow 19-4747] Not inferring AXIMM interface 'o_sb' due to missing slave read-channel signals ARADDR ARVALID RREADY.
INFO: [IP_Flow 19-234] Refreshing IP repositories
INFO: [IP_Flow 19-1704] No user IP repositories specified
CRITICAL WARNING: [HDL 9-806] Syntax error near "begin". [e:/RvfpgaSoC/Labs/LabSolution/Lab1/.Xil/Vivado-5548-LenovoHamza/PrjAr/_X_/Lab1.srcs/sources_1/imports/src/SweRVolfSoC/SweRVEh1CoreComplex/include/pic_map_auto.h:2]
INFO: [IP_Flow 19-5151] The Range '31:0' is present in all ports of the interface 'dmi_reg'. It is assumed that this is meant to declare an array of interface. If this is not the desired behaviour, switch of this feature by disabling the parameter 'ips.enableInterfaceArrayInference'.
INFO: [IP_Flow 19-5107] Inferred bus interface 'ifu_axi' of definition 'xilinx.com:interface:aximm:1.0' (from Xilinx Repository).
INFO: [IP_Flow 19-5107] Inferred bus interface 'lsu_axi' of definition 'xilinx.com:interface:aximm:1.0' (from Xilinx Repository).
INFO: [IP_Flow 19-5107] Inferred bus interface 'sb_axi' of definition 'xilinx.com:interface:aximm:1.0' (from Xilinx Repository).
INFO: [IP_Flow 19-5107] Inferred bus interface 'dmi_hard_reset' of definition 'xilinx.com:signal:reset:1.0' (from Xilinx Repository).
INFO: [IP_Flow 19-5107] Inferred bus interface 'rst' of definition 'xilinx.com:signal:reset:1.0' (from Xilinx Repository).
INFO: [IP_Flow 19-5107] Inferred bus interface 'clk' of definition 'xilinx.com:signal:clock:1.0' (from Xilinx Repository).
INFO: [IP_Flow 19-4728] Bus Interface 'clk': Added interface parameter 'ASSOCIATED_BUSIF' with value 'ifu_axi'.
INFO: [IP_Flow 19-4728] Bus Interface 'clk': Added interface parameter 'ASSOCIATED_RESET' with value 'rst'.
INFO: [IP_Flow 19-234] Refreshing IP repositories
INFO: [IP_Flow 19-1704] No user IP repositories specified
INFO: [IP_Flow 19-5107] Inferred bus interface 'i_rst' of definition 'xilinx.com:signal:reset:1.0' (from Xilinx Repository).
INFO: [IP_Flow 19-5107] Inferred bus interface 'i_clk' of definition 'xilinx.com:signal:clock:1.0' (from Xilinx Repository).
INFO: [IP_Flow 19-5107] Inferred bus interface 'gpio_irq' of definition 'xilinx.com:signal:interrupt:1.0' (from Xilinx Repository).
INFO: [IP_Flow 19-5107] Inferred bus interface 'o_timer_irq' of definition 'xilinx.com:signal:interrupt:1.0' (from Xilinx Repository).
INFO: [IP_Flow 19-5107] Inferred bus interface 'ptc_irq' of definition 'xilinx.com:signal:interrupt:1.0' (from Xilinx Repository).
INFO: [IP_Flow 19-4728] Bus Interface 'gpio_irq': Added interface parameter 'SENSITIVITY' with value 'LEVEL_HIGH'.
INFO: [IP_Flow 19-4728] Bus Interface 'o_timer_irq': Added interface parameter 'SENSITIVITY' with value 'LEVEL_HIGH'.
INFO: [IP_Flow 19-4728] Bus Interface 'ptc_irq': Added interface parameter 'SENSITIVITY' with value 'LEVEL_HIGH'.
INFO: [IP_Flow 19-4728] Bus Interface 'i_clk': Added interface parameter 'ASSOCIATED_RESET' with value 'i_rst'.
WARNING: [IP_Flow 19-3153] Bus Interface 'i_clk': ASSOCIATED_BUSIF bus parameter is missing.
INFO: [IP_Flow 19-234] Refreshing IP repositories
INFO: [IP_Flow 19-1704] No user IP repositories specified
INFO: [Coretcl 2-1213] Including run results for 'synth_1'
INFO: [Coretcl 2-1213] Including run results for 'BD_bidirec_1_1_synth_1'
INFO: [Coretcl 2-1213] Including run results for 'BD_bidirec_3_1_synth_1'
INFO: [Coretcl 2-1213] Including run results for 'BD_bidirec_4_0_synth_1'
INFO: [Coretcl 2-1213] Including run results for 'BD_bidirec_2_1_synth_1'
INFO: [Coretcl 2-1213] Including run results for 'BD_bidirec_1_3_synth_1'
INFO: [Coretcl 2-1213] Including run results for 'BD_bidirec_14_0_synth_1'
INFO: [Coretcl 2-1213] Including run results for 'BD_bidirec_11_0_synth_1'
INFO: [Coretcl 2-1213] Including run results for 'BD_bidirec_13_0_synth_1'
INFO: [Coretcl 2-1213] Including run results for 'BD_bidirec_10_0_synth_1'
INFO: [Coretcl 2-1213] Including run results for 'BD_bidirec_12_0_synth_1'
INFO: [Coretcl 2-1213] Including run results for 'BD_bidirec_5_1_synth_1'
INFO: [Coretcl 2-1213] Including run results for 'BD_bidirec_3_2_synth_1'
INFO: [Coretcl 2-1213] Including run results for 'BD_bidirec_6_1_synth_1'
INFO: [Coretcl 2-1213] Including run results for 'BD_bidirec_8_0_synth_1'
INFO: [Coretcl 2-1213] Including run results for 'BD_bidirec_2_2_synth_1'
INFO: [Coretcl 2-1213] Including run results for 'BD_bidirec_4_1_synth_1'
INFO: [Coretcl 2-1213] Including run results for 'BD_bidirec_15_0_synth_1'
INFO: [Coretcl 2-1213] Including run results for 'BD_bidirec_9_0_synth_1'
INFO: [Coretcl 2-1213] Including run results for 'BD_bidirec_5_0_synth_1'
INFO: [Coretcl 2-1213] Including run results for 'BD_bidirec_6_0_synth_1'
INFO: [Coretcl 2-1213] Including run results for 'BD_bidirec_3_0_synth_1'
INFO: [Coretcl 2-1213] Including run results for 'BD_bidirec_0_4_synth_1'
INFO: [Coretcl 2-1213] Including run results for 'BD_bidirec_2_0_synth_1'
INFO: [Coretcl 2-1213] Including run results for 'BD_bidirec_1_2_synth_1'
INFO: [Coretcl 2-1213] Including run results for 'BD_gpio_wrapper_0_0_synth_1'
INFO: [Coretcl 2-1213] Including run results for 'BD_swerv_wrapper_verilog_0_0_synth_1'
INFO: [Coretcl 2-1213] Including run results for 'BD_bidirec_0_2_synth_1'
INFO: [Coretcl 2-1213] Including run results for 'BD_bidirec_0_3_synth_1'
INFO: [Coretcl 2-1213] Including run results for 'BD_bidirec_1_0_synth_1'
INFO: [Coretcl 2-1213] Including run results for 'BD_bidirec_7_1_synth_1'
INFO: [Coretcl 2-1213] Including run results for 'BD_bidirec_7_0_synth_1'
INFO: [Coretcl 2-1213] Including run results for 'BD_bidirec_0_5_synth_1'
INFO: [Coretcl 2-1213] Including run results for 'BD_intcon_wrapper_bd_0_0_synth_1'
INFO: [Coretcl 2-1213] Including run results for 'BD_bidirec_0_0_synth_1'
INFO: [Coretcl 2-1213] Including run results for 'BD_bidirec_0_1_synth_1'
INFO: [Coretcl 2-1213] Including run results for 'BD_syscon_wrapper_0_0_synth_1'
INFO: [Coretcl 2-1213] Including run results for 'BD_bootrom_wrapper_0_0_synth_1'
INFO: [Coretcl 2-1213] Including run results for 'impl_1'
INFO: [Coretcl 2-133] re-setting run 'BD_bidirec_1_1_impl_1'...
INFO: [Coretcl 2-133] re-setting run 'BD_bidirec_3_1_impl_1'...
INFO: [Coretcl 2-133] re-setting run 'BD_bidirec_4_0_impl_1'...
INFO: [Coretcl 2-133] re-setting run 'BD_bidirec_2_1_impl_1'...
INFO: [Coretcl 2-133] re-setting run 'BD_bidirec_1_3_impl_1'...
INFO: [Coretcl 2-133] re-setting run 'BD_bidirec_14_0_impl_1'...
INFO: [Coretcl 2-133] re-setting run 'BD_bidirec_11_0_impl_1'...
INFO: [Coretcl 2-133] re-setting run 'BD_bidirec_13_0_impl_1'...
INFO: [Coretcl 2-133] re-setting run 'BD_bidirec_10_0_impl_1'...
INFO: [Coretcl 2-133] re-setting run 'BD_bidirec_12_0_impl_1'...
INFO: [Coretcl 2-133] re-setting run 'BD_bidirec_5_1_impl_1'...
INFO: [Coretcl 2-133] re-setting run 'BD_bidirec_3_2_impl_1'...
INFO: [Coretcl 2-133] re-setting run 'BD_bidirec_6_1_impl_1'...
INFO: [Coretcl 2-133] re-setting run 'BD_bidirec_8_0_impl_1'...
INFO: [Coretcl 2-133] re-setting run 'BD_bidirec_2_2_impl_1'...
INFO: [Coretcl 2-133] re-setting run 'BD_bidirec_4_1_impl_1'...
INFO: [Coretcl 2-133] re-setting run 'BD_bidirec_15_0_impl_1'...
INFO: [Coretcl 2-133] re-setting run 'BD_bidirec_9_0_impl_1'...
INFO: [Coretcl 2-133] re-setting run 'BD_bidirec_5_0_impl_1'...
INFO: [Coretcl 2-133] re-setting run 'BD_bidirec_6_0_impl_1'...
INFO: [Coretcl 2-133] re-setting run 'BD_bidirec_3_0_impl_1'...
INFO: [Coretcl 2-133] re-setting run 'BD_bidirec_0_4_impl_1'...
INFO: [Coretcl 2-133] re-setting run 'BD_bidirec_2_0_impl_1'...
INFO: [Coretcl 2-133] re-setting run 'BD_bidirec_1_2_impl_1'...
INFO: [Coretcl 2-133] re-setting run 'BD_gpio_wrapper_0_0_impl_1'...
INFO: [Coretcl 2-133] re-setting run 'BD_swerv_wrapper_verilog_0_0_impl_1'...
INFO: [Coretcl 2-133] re-setting run 'BD_bidirec_0_2_impl_1'...
INFO: [Coretcl 2-133] re-setting run 'BD_bidirec_0_3_impl_1'...
INFO: [Coretcl 2-133] re-setting run 'BD_bidirec_1_0_impl_1'...
INFO: [Coretcl 2-133] re-setting run 'BD_bidirec_7_1_impl_1'...
INFO: [Coretcl 2-133] re-setting run 'BD_bidirec_7_0_impl_1'...
INFO: [Coretcl 2-133] re-setting run 'BD_bidirec_0_5_impl_1'...
INFO: [Coretcl 2-133] re-setting run 'BD_intcon_wrapper_bd_0_0_impl_1'...
INFO: [Coretcl 2-133] re-setting run 'BD_bidirec_0_0_impl_1'...
INFO: [Coretcl 2-133] re-setting run 'BD_bidirec_0_1_impl_1'...
INFO: [Coretcl 2-133] re-setting run 'BD_syscon_wrapper_0_0_impl_1'...
INFO: [Coretcl 2-133] re-setting run 'BD_bootrom_wrapper_0_0_impl_1'...
ERROR: [Common 17-49] Internal Data Exception: HDDASrcFileProxy::HDDASrcFileProxy: Given HDDASrcFile isn't associated with a fileset.  File: 'E:/RvfpgaSoC/Labs/LabSolution/Lab1/Lab1.srcs/sources_1/imports/src/SweRVolfSoC/SweRVEh1CoreComplex/include/global.h'
.
CRITICAL WARNING: [filemgmt 56-222] HADGDesignGraphMgr::getCurrentGraph: Graph could not be found.
